C:\USERS\USER\DESKTOP\SUNSET\SUNSET\BO1\ADDRESSES.OBJ
C:\USERS\USER\DESKTOP\SUNSET\SUNSET\BO1\AIMBOT.OBJ
C:\USERS\USER\DESKTOP\SUNSET\SUNSET\BO1\ARRAYS.OBJ
C:\USERS\USER\DESKTOP\SUNSET\SUNSET\BO1\AUTOWALL.OBJ
C:\Users\User\Desktop\sunset\Sunset\BO1\cl.command.1.tlog
C:\Users\User\Desktop\sunset\Sunset\BO1\CL.read.1.tlog
C:\Users\User\Desktop\sunset\Sunset\BO1\CL.write.1.tlog
C:\USERS\USER\DESKTOP\SUNSET\SUNSET\BO1\DEFINITIONS.OBJ
C:\USERS\USER\DESKTOP\SUNSET\SUNSET\BO1\DETOUR.OBJ
C:\USERS\USER\DESKTOP\SUNSET\SUNSET\BO1\ENGINE.OBJ
C:\USERS\USER\DESKTOP\SUNSET\SUNSET\BO1\GAME.OBJ
C:\USERS\USER\DESKTOP\SUNSET\SUNSET\BO1\GLOBALS.OBJ
C:\USERS\USER\DESKTOP\SUNSET\SUNSET\BO1\HOOKS.OBJ
C:\USERS\USER\DESKTOP\SUNSET\SUNSET\BO1\HVPEEKPOKE.OBJ
C:\USERS\USER\DESKTOP\SUNSET\SUNSET\BO1\INI_MANAGER.OBJ
C:\Users\User\Desktop\sunset\Sunset\BO1\link.command.1.tlog
C:\Users\User\Desktop\sunset\Sunset\BO1\link.read.1.tlog
C:\Users\User\Desktop\sunset\Sunset\BO1\link.write.1.tlog
C:\USERS\USER\DESKTOP\SUNSET\SUNSET\BO1\MEMORYMANAGER.OBJ
C:\USERS\USER\DESKTOP\SUNSET\SUNSET\BO1\MENU.OBJ
C:\USERS\USER\DESKTOP\SUNSET\SUNSET\BO1\RENDER.OBJ
C:\USERS\USER\DESKTOP\SUNSET\SUNSET\BO1\RME.OBJ
C:\USERS\USER\DESKTOP\SUNSET\SUNSET\BO1\SPINBOT.OBJ
C:\USERS\USER\DESKTOP\SUNSET\SUNSET\BO1\STDAFX.OBJ
C:\USERS\USER\DESKTOP\SUNSET\SUNSET\BO1\STRUCTS.OBJ
C:\USERS\USER\DESKTOP\SUNSET\SUNSET\BO1\SUNSET.EXE
C:\Users\User\Desktop\sunset\Sunset\BO1\Sunset.exp
C:\Users\User\Desktop\sunset\Sunset\BO1\Sunset.lib
C:\USERS\USER\DESKTOP\SUNSET\SUNSET\BO1\SUNSET.PCH
C:\Users\User\Desktop\sunset\Sunset\BO1\Sunset.write.1.tlog
C:\USERS\USER\DESKTOP\SUNSET\SUNSET\BO1\SUNSET_BO1.PDB
C:\Users\User\Desktop\sunset\Sunset\BO1\Sunset_BO1.xdb
C:\Users\User\Desktop\sunset\Sunset\BO1\Sunset_BO1.xex
C:\USERS\USER\DESKTOP\SUNSET\SUNSET\BO1\UTILITIES.OBJ
C:\USERS\USER\DESKTOP\SUNSET\SUNSET\BO1\VC100.PDB
C:\USERS\USER\DESKTOP\SUNSET\SUNSET\BO1\VECTOR.OBJ
C:\USERS\USER\DESKTOP\SUNSET\SUNSET\BO1\VISUALS.OBJ
